This is XeTeX, Version 3.14159265-2.6-0.99992 (TeX Live 2015/Arch Linux) (preloaded format=xelatex 2015.9.15)  1 OCT 2015 19:10
entering extended mode
 restricted \write18 enabled.
 %&-line parsing enabled.
**Resume_Arnaud_Pecoraro.tex
(/usr/share/texmf-dist/tex/latex/tools/x.tex
LaTeX2e <2015/01/01>
Babel <3.9l> and hyphenation patterns for 79 languages loaded.

! .
l.38   \batchmode \errmessage{}
                               \csname @@end\endcsname \end
This error message was generated by an \errmessage
command, so I can't give any explicit help.
Pretend that you're Hercule Poirot: Examine all clues,
and deduce the truth by order and method.

 ) 
Here is how much of TeX's memory you used:
 7 strings out of 493706
 153 string characters out of 6150888
 53323 words of memory out of 5000000
 3446 multiletter control sequences out of 15000+600000
 3640 words of font info for 14 fonts, out of 8000000 for 9000
 1328 hyphenation exceptions out of 8191
 5i,0n,1p,106b,8s stack positions out of 5000i,500n,10000p,200000b,80000s

No pages of output.
